<?xml version="1.0" encoding="UTF-8"?>
<!-- Generated by org.testng.reporters.JUnitXMLReporter -->
<testsuite hostname="Himen-PC" name="First Test" tests="5" failures="0" timestamp="19 Apr 2020 18:29:17 GMT" time="0.068" errors="0">
  <testcase name="FirstTest" time="0.01" classname="com.selenium.testng.TestNGExampleOne"/>
  <testcase name="SecondTest" time="0.001" classname="com.selenium.testng.TestNGExampleOne"/>
  <testcase name="ThirdTest" time="0.001" classname="com.selenium.testng.TestNGExampleTwo"/>
  <testcase name="TimeOutAnnotation" time="0.015" classname="com.selenium.testng.TestNGExampleTwo"/>
  <testcase name="DefendsMethodTest" time="0.001" classname="com.selenium.testng.TestNGExampleOne"/>
</testsuite> <!-- First Test -->
