<?xml version="1.0" encoding="UTF-8"?>
<!-- Generated by org.testng.reporters.JUnitXMLReporter -->
<testsuite hostname="Himen-PC" name="First Test" tests="5" failures="0" timestamp="18 Apr 2020 12:07:38 GMT" time="0.094" errors="0">
  <testcase name="FirstTest" time="0.014" classname="com.selenium.testng.TestNGExampleOne"/>
  <testcase name="SecondTest" time="0.002" classname="com.selenium.testng.TestNGExampleOne"/>
  <testcase name="DefendsMethodTest" time="0.004" classname="com.selenium.testng.TestNGExampleOne"/>
  <testcase name="ThirdTest" time="0.002" classname="com.selenium.testng.TestNGExampleTwo"/>
  <testcase name="TimeOutAnnotation" time="0.022" classname="com.selenium.testng.TestNGExampleTwo"/>
</testsuite> <!-- First Test -->
