<?xml version="1.0" encoding="UTF-8"?>
<!-- Generated by org.testng.reporters.JUnitXMLReporter -->
<testsuite hostname="Himen-PC" name="Second Test" tests="6" failures="0" timestamp="18 Apr 2020 12:07:38 GMT" time="0.056" errors="0">
  <testcase name="FifthTest" time="0.001" classname="com.selenium.testng.TestNGExampleThird"/>
  <testcase name="ForthTest" time="0.002" classname="com.selenium.testng.TestNGExampleThird"/>
  <testcase name="ParameterClassMethodTest" time="0.015" classname="com.selenium.testng.TestNGExampleThird"/>
  <testcase name="dataProviderMethod" time="0.001" classname="com.selenium.testng.TestNGExampleThird"/>
  <testcase name="dataProviderMethod" time="0.001" classname="com.selenium.testng.TestNGExampleThird"/>
  <testcase name="dataProviderMethod" time="0.001" classname="com.selenium.testng.TestNGExampleThird"/>
</testsuite> <!-- Second Test -->
