<?xml version="1.0" encoding="UTF-8"?>
<!-- Generated by org.testng.reporters.JUnitXMLReporter -->
<testsuite hostname="Himen-PC" name="Second Test" tests="6" failures="0" timestamp="19 Apr 2020 18:29:17 GMT" time="0.087" errors="0">
  <testcase name="FifthTest" time="0.009" classname="com.selenium.testng.TestNGExampleThird"/>
  <testcase name="ForthTest" time="0.001" classname="com.selenium.testng.TestNGExampleThird"/>
  <testcase name="ParameterClassMethodTest" time="0.001" classname="com.selenium.testng.TestNGExampleThird"/>
  <testcase name="dataProviderMethod" time="0.001" classname="com.selenium.testng.TestNGExampleThird"/>
  <testcase name="dataProviderMethod" time="0.003" classname="com.selenium.testng.TestNGExampleThird"/>
  <testcase name="dataProviderMethod" time="0.004" classname="com.selenium.testng.TestNGExampleThird"/>
</testsuite> <!-- Second Test -->
