<?xml version="1.0" encoding="UTF-8"?>
<!-- Generated by org.testng.reporters.JUnitXMLReporter -->
<testsuite hostname="Himen-PC" name="Smoke Test" tests="4" failures="0" timestamp="18 Apr 2020 10:13:58 GMT" time="0.067" errors="0">
  <testcase name="FirstTest" time="0.019" classname="com.selenium.testng.TestNGExampleOne"/>
  <testcase name="ThirdTest" time="0.001" classname="com.selenium.testng.TestNGExampleTwo"/>
  <testcase name="FifthTest" time="0.002" classname="com.selenium.testng.TestNGExampleThird"/>
  <testcase name="ForthTest" time="0.002" classname="com.selenium.testng.TestNGExampleThird"/>
</testsuite> <!-- Smoke Test -->
