<?xml version="1.0" encoding="UTF-8"?>
<!-- Generated by org.testng.reporters.JUnitXMLReporter -->
<testsuite hostname="Himen-PC" name="Test" tests="3" failures="0" timestamp="15 Apr 2020 17:16:10 GMT" time="0.078" errors="0">
  <testcase name="FirstTest" time="0.031" classname="com.selenium.testng.TestNGExampleOne"/>
  <testcase name="SecondTest" time="0.002" classname="com.selenium.testng.TestNGExampleOne"/>
  <testcase name="ThirdTest" time="0.002" classname="com.selenium.testng.TestNGExampleTwo"/>
</testsuite> <!-- Test -->
