<?xml version="1.0" encoding="UTF-8"?>
<testng-results skipped="0" failed="0" total="1" passed="1">
  <reporter-output>
  </reporter-output>
  <suite name="Suite1" duration-ms="705" started-at="2019-06-01T08:55:14Z" finished-at="2019-06-01T08:55:15Z">
    <groups>
    </groups>
    <test name="tests" duration-ms="705" started-at="2019-06-01T08:55:14Z" finished-at="2019-06-01T08:55:15Z">
      <class name="com.database.test.DatabaseTestingDemo">
        <test-method status="PASS" signature="setUp()[pri:0, instance:com.database.test.DatabaseTestingDemo@5f150435]" name="setUp" is-config="true" duration-ms="652" started-at="2019-06-01T14:25:14Z" finished-at="2019-06-01T14:25:15Z">
          <reporter-output>
          </reporter-output>
        </test-method> <!-- setUp -->
        <test-method status="PASS" signature="test()[pri:0, instance:com.database.test.DatabaseTestingDemo@5f150435]" name="test" duration-ms="21" started-at="2019-06-01T14:25:15Z" finished-at="2019-06-01T14:25:15Z">
          <reporter-output>
          </reporter-output>
        </test-method> <!-- test -->
        <test-method status="PASS" signature="closedConn()[pri:0, instance:com.database.test.DatabaseTestingDemo@5f150435]" name="closedConn" is-config="true" duration-ms="1" started-at="2019-06-01T14:25:15Z" finished-at="2019-06-01T14:25:15Z">
          <reporter-output>
          </reporter-output>
        </test-method> <!-- closedConn -->
      </class> <!-- com.database.test.DatabaseTestingDemo -->
    </test> <!-- tests -->
  </suite> <!-- Suite1 -->
</testng-results>
