<?xml version="1.0" encoding="UTF-8"?>
<testng-results skipped="0" failed="0" total="2" passed="2">
  <reporter-output>
  </reporter-output>
  <suite name="demo" duration-ms="103715" started-at="2019-05-20T16:42:06Z" finished-at="2019-05-20T16:43:50Z">
    <groups>
    </groups>
    <test name="test" duration-ms="103715" started-at="2019-05-20T16:42:06Z" finished-at="2019-05-20T16:43:50Z">
      <class name="co.seleniumproject.testPackage.TestCaseClass">
        <test-method status="PASS" signature="beforeSuite()[pri:0, instance:co.seleniumproject.testPackage.TestCaseClass@129a8472]" name="beforeSuite" is-config="true" duration-ms="26" started-at="2019-05-20T22:12:06Z" finished-at="2019-05-20T22:12:06Z">
          <reporter-output>
          </reporter-output>
        </test-method> <!-- beforeSuite -->
        <test-method status="PASS" signature="beforeClass()[pri:0, instance:co.seleniumproject.testPackage.TestCaseClass@129a8472]" name="beforeClass" is-config="true" duration-ms="1" started-at="2019-05-20T22:12:06Z" finished-at="2019-05-20T22:12:06Z">
          <reporter-output>
          </reporter-output>
        </test-method> <!-- beforeClass -->
        <test-method status="PASS" signature="beforeMethodClass()[pri:0, instance:co.seleniumproject.testPackage.TestCaseClass@129a8472]" name="beforeMethodClass" is-config="true" duration-ms="6966" started-at="2019-05-20T22:12:06Z" finished-at="2019-05-20T22:12:13Z">
          <reporter-output>
          </reporter-output>
        </test-method> <!-- beforeMethodClass -->
        <test-method status="PASS" signature="returnTicket()[pri:0, instance:co.seleniumproject.testPackage.TestCaseClass@129a8472]" name="returnTicket" duration-ms="64429" started-at="2019-05-20T22:12:13Z" finished-at="2019-05-20T22:13:17Z">
          <reporter-output>
          </reporter-output>
        </test-method> <!-- returnTicket -->
        <test-method status="PASS" signature="beforeMethodClass()[pri:0, instance:co.seleniumproject.testPackage.TestCaseClass@129a8472]" name="beforeMethodClass" is-config="true" duration-ms="1" started-at="2019-05-20T22:13:17Z" finished-at="2019-05-20T22:13:17Z">
          <reporter-output>
          </reporter-output>
        </test-method> <!-- beforeMethodClass -->
        <test-method status="PASS" signature="validateCredentials()[pri:0, instance:co.seleniumproject.testPackage.TestCaseClass@129a8472]" name="validateCredentials" duration-ms="32276" started-at="2019-05-20T22:13:17Z" finished-at="2019-05-20T22:13:50Z">
          <reporter-output>
          </reporter-output>
        </test-method> <!-- validateCredentials -->
        <test-method status="PASS" signature="close()[pri:0, instance:co.seleniumproject.testPackage.TestCaseClass@129a8472]" name="close" is-config="true" duration-ms="6" started-at="2019-05-20T22:13:50Z" finished-at="2019-05-20T22:13:50Z">
          <reporter-output>
          </reporter-output>
        </test-method> <!-- close -->
        <test-method status="PASS" signature="afterSuite()[pri:0, instance:co.seleniumproject.testPackage.TestCaseClass@129a8472]" name="afterSuite" is-config="true" duration-ms="765" started-at="2019-05-20T22:13:50Z" finished-at="2019-05-20T22:13:50Z">
          <reporter-output>
          </reporter-output>
        </test-method> <!-- afterSuite -->
      </class> <!-- co.seleniumproject.testPackage.TestCaseClass -->
    </test> <!-- test -->
  </suite> <!-- demo -->
</testng-results>
