<?xml version="1.0" encoding="UTF-8"?>
<testng-results skipped="0" failed="0" total="2" passed="2">
  <reporter-output>
  </reporter-output>
  <suite name="demo" duration-ms="154351" started-at="2019-04-22T07:01:10Z" finished-at="2019-04-22T07:03:44Z">
    <groups>
    </groups>
    <test name="test" duration-ms="154351" started-at="2019-04-22T07:01:10Z" finished-at="2019-04-22T07:03:44Z">
      <class name="co.seleniumproject.testPackage.TestCaseClass">
        <test-method status="PASS" signature="beforeSuite()[pri:0, instance:co.seleniumproject.testPackage.TestCaseClass@129a8472]" name="beforeSuite" is-config="true" duration-ms="20" started-at="2019-04-22T12:31:10Z" finished-at="2019-04-22T12:31:10Z">
          <reporter-output>
          </reporter-output>
        </test-method> <!-- beforeSuite -->
        <test-method status="PASS" signature="beforeClass()[pri:0, instance:co.seleniumproject.testPackage.TestCaseClass@129a8472]" name="beforeClass" is-config="true" duration-ms="0" started-at="2019-04-22T12:31:10Z" finished-at="2019-04-22T12:31:10Z">
          <reporter-output>
          </reporter-output>
        </test-method> <!-- beforeClass -->
        <test-method status="PASS" signature="beforeMethodClass()[pri:0, instance:co.seleniumproject.testPackage.TestCaseClass@129a8472]" name="beforeMethodClass" is-config="true" duration-ms="5772" started-at="2019-04-22T12:31:10Z" finished-at="2019-04-22T12:31:16Z">
          <reporter-output>
          </reporter-output>
        </test-method> <!-- beforeMethodClass -->
        <test-method status="PASS" signature="returnTicket()[pri:0, instance:co.seleniumproject.testPackage.TestCaseClass@129a8472]" name="returnTicket" duration-ms="79076" started-at="2019-04-22T12:31:16Z" finished-at="2019-04-22T12:32:35Z">
          <reporter-output>
          </reporter-output>
        </test-method> <!-- returnTicket -->
        <test-method status="PASS" signature="validateCredentials()[pri:0, instance:co.seleniumproject.testPackage.TestCaseClass@129a8472]" name="validateCredentials" duration-ms="69470" started-at="2019-04-22T12:32:35Z" finished-at="2019-04-22T12:33:44Z">
          <reporter-output>
          </reporter-output>
        </test-method> <!-- validateCredentials -->
        <test-method status="PASS" signature="beforeMethodClass()[pri:0, instance:co.seleniumproject.testPackage.TestCaseClass@129a8472]" name="beforeMethodClass" is-config="true" duration-ms="0" started-at="2019-04-22T12:32:35Z" finished-at="2019-04-22T12:32:35Z">
          <reporter-output>
          </reporter-output>
        </test-method> <!-- beforeMethodClass -->
        <test-method status="PASS" signature="close()[pri:0, instance:co.seleniumproject.testPackage.TestCaseClass@129a8472]" name="close" is-config="true" duration-ms="1" started-at="2019-04-22T12:33:44Z" finished-at="2019-04-22T12:33:44Z">
          <reporter-output>
          </reporter-output>
        </test-method> <!-- close -->
        <test-method status="PASS" signature="afterSuite()[pri:0, instance:co.seleniumproject.testPackage.TestCaseClass@129a8472]" name="afterSuite" is-config="true" duration-ms="783" started-at="2019-04-22T12:33:44Z" finished-at="2019-04-22T12:33:45Z">
          <reporter-output>
          </reporter-output>
        </test-method> <!-- afterSuite -->
      </class> <!-- co.seleniumproject.testPackage.TestCaseClass -->
    </test> <!-- test -->
  </suite> <!-- demo -->
</testng-results>
