<?xml version="1.0" encoding="UTF-8"?>
<testng-results skipped="0" failed="0" total="11" passed="11">
  <reporter-output>
  </reporter-output>
  <suite name="Suite" duration-ms="240" started-at="2020-04-18T12:07:38Z" finished-at="2020-04-18T12:07:38Z">
    <groups>
      <group name="Smoke">
        <method signature="TestNGExampleOne.FirstTest()[pri:0, instance:com.selenium.testng.TestNGExampleOne@1ff8b8f]" name="FirstTest" class="com.selenium.testng.TestNGExampleOne"/>
        <method signature="TestNGExampleTwo.ThirdTest()[pri:0, instance:com.selenium.testng.TestNGExampleTwo@387c703b]" name="ThirdTest" class="com.selenium.testng.TestNGExampleTwo"/>
        <method signature="TestNGExampleThird.FifthTest()[pri:0, instance:com.selenium.testng.TestNGExampleThird@17d99928]" name="FifthTest" class="com.selenium.testng.TestNGExampleThird"/>
        <method signature="TestNGExampleThird.ForthTest()[pri:0, instance:com.selenium.testng.TestNGExampleThird@17d99928]" name="ForthTest" class="com.selenium.testng.TestNGExampleThird"/>
      </group> <!-- Smoke -->
    </groups>
    <test name="First Test" duration-ms="94" started-at="2020-04-18T12:07:38Z" finished-at="2020-04-18T12:07:38Z">
      <class name="com.selenium.testng.TestNGExampleOne">
        <test-method status="PASS" signature="FirstTest()[pri:0, instance:com.selenium.testng.TestNGExampleOne@1ff8b8f]" name="FirstTest" duration-ms="14" started-at="2020-04-18T17:37:38Z" finished-at="2020-04-18T17:37:38Z">
          <reporter-output>
          </reporter-output>
        </test-method> <!-- FirstTest -->
        <test-method status="PASS" signature="SecondTest()[pri:0, instance:com.selenium.testng.TestNGExampleOne@1ff8b8f]" name="SecondTest" duration-ms="2" started-at="2020-04-18T17:37:38Z" finished-at="2020-04-18T17:37:38Z">
          <reporter-output>
          </reporter-output>
        </test-method> <!-- SecondTest -->
        <test-method status="PASS" signature="DefendsMethodTest()[pri:0, instance:com.selenium.testng.TestNGExampleOne@1ff8b8f]" name="DefendsMethodTest" duration-ms="4" started-at="2020-04-18T17:37:38Z" depends-on-methods="com.selenium.testng.TestNGExampleOne.SecondTest" finished-at="2020-04-18T17:37:38Z">
          <reporter-output>
          </reporter-output>
        </test-method> <!-- DefendsMethodTest -->
      </class> <!-- com.selenium.testng.TestNGExampleOne -->
      <class name="com.selenium.testng.TestNGExampleTwo">
        <test-method status="PASS" signature="BeforeTestAnnotation()[pri:0, instance:com.selenium.testng.TestNGExampleTwo@387c703b]" name="BeforeTestAnnotation" is-config="true" duration-ms="0" started-at="2020-04-18T17:37:38Z" finished-at="2020-04-18T17:37:38Z">
          <reporter-output>
          </reporter-output>
        </test-method> <!-- BeforeTestAnnotation -->
        <test-method status="PASS" signature="ThirdTest()[pri:0, instance:com.selenium.testng.TestNGExampleTwo@387c703b]" name="ThirdTest" duration-ms="2" started-at="2020-04-18T17:37:38Z" finished-at="2020-04-18T17:37:38Z">
          <reporter-output>
          </reporter-output>
        </test-method> <!-- ThirdTest -->
        <test-method status="PASS" signature="TimeOutAnnotation()[pri:0, instance:com.selenium.testng.TestNGExampleTwo@387c703b]" name="TimeOutAnnotation" duration-ms="22" started-at="2020-04-18T17:37:38Z" finished-at="2020-04-18T17:37:38Z">
          <reporter-output>
          </reporter-output>
        </test-method> <!-- TimeOutAnnotation -->
        <test-method status="PASS" signature="AfterTestAnnotation()[pri:0, instance:com.selenium.testng.TestNGExampleTwo@387c703b]" name="AfterTestAnnotation" is-config="true" duration-ms="1" started-at="2020-04-18T17:37:38Z" finished-at="2020-04-18T17:37:38Z">
          <reporter-output>
          </reporter-output>
        </test-method> <!-- AfterTestAnnotation -->
      </class> <!-- com.selenium.testng.TestNGExampleTwo -->
    </test> <!-- First Test -->
    <test name="Second Test" duration-ms="56" started-at="2020-04-18T12:07:38Z" finished-at="2020-04-18T12:07:38Z">
      <class name="com.selenium.testng.TestNGExampleThird">
        <test-method status="PASS" signature="BeforeClassMethodTest()[pri:0, instance:com.selenium.testng.TestNGExampleThird@17d99928]" name="BeforeClassMethodTest" is-config="true" duration-ms="1" started-at="2020-04-18T17:37:38Z" finished-at="2020-04-18T17:37:38Z">
          <reporter-output>
          </reporter-output>
        </test-method> <!-- BeforeClassMethodTest -->
        <test-method status="PASS" signature="BeforeMethodTest()[pri:0, instance:com.selenium.testng.TestNGExampleThird@17d99928]" name="BeforeMethodTest" is-config="true" duration-ms="0" started-at="2020-04-18T17:37:38Z" finished-at="2020-04-18T17:37:38Z">
          <reporter-output>
          </reporter-output>
        </test-method> <!-- BeforeMethodTest -->
        <test-method status="PASS" signature="FifthTest()[pri:0, instance:com.selenium.testng.TestNGExampleThird@17d99928]" name="FifthTest" duration-ms="1" started-at="2020-04-18T17:37:38Z" finished-at="2020-04-18T17:37:38Z">
          <reporter-output>
          </reporter-output>
        </test-method> <!-- FifthTest -->
        <test-method status="PASS" signature="AfterMethodTest()[pri:0, instance:com.selenium.testng.TestNGExampleThird@17d99928]" name="AfterMethodTest" is-config="true" duration-ms="0" started-at="2020-04-18T17:37:38Z" finished-at="2020-04-18T17:37:38Z">
          <reporter-output>
          </reporter-output>
        </test-method> <!-- AfterMethodTest -->
        <test-method status="PASS" signature="BeforeMethodTest()[pri:0, instance:com.selenium.testng.TestNGExampleThird@17d99928]" name="BeforeMethodTest" is-config="true" duration-ms="1" started-at="2020-04-18T17:37:38Z" finished-at="2020-04-18T17:37:38Z">
          <reporter-output>
          </reporter-output>
        </test-method> <!-- BeforeMethodTest -->
        <test-method status="PASS" signature="ForthTest()[pri:0, instance:com.selenium.testng.TestNGExampleThird@17d99928]" name="ForthTest" duration-ms="2" started-at="2020-04-18T17:37:38Z" finished-at="2020-04-18T17:37:38Z">
          <reporter-output>
          </reporter-output>
        </test-method> <!-- ForthTest -->
        <test-method status="PASS" signature="AfterMethodTest()[pri:0, instance:com.selenium.testng.TestNGExampleThird@17d99928]" name="AfterMethodTest" is-config="true" duration-ms="1" started-at="2020-04-18T17:37:38Z" finished-at="2020-04-18T17:37:38Z">
          <reporter-output>
          </reporter-output>
        </test-method> <!-- AfterMethodTest -->
        <test-method status="PASS" signature="BeforeMethodTest()[pri:0, instance:com.selenium.testng.TestNGExampleThird@17d99928]" name="BeforeMethodTest" is-config="true" duration-ms="1" started-at="2020-04-18T17:37:38Z" finished-at="2020-04-18T17:37:38Z">
          <reporter-output>
          </reporter-output>
        </test-method> <!-- BeforeMethodTest -->
        <test-method status="PASS" signature="ParameterClassMethodTest(java.lang.String, java.lang.String)[pri:0, instance:com.selenium.testng.TestNGExampleThird@17d99928]" name="ParameterClassMethodTest" duration-ms="15" started-at="2020-04-18T17:37:38Z" finished-at="2020-04-18T17:37:38Z">
          <params>
            <param index="0">
              <value>
                <![CDATA[TestNG Login ID]]>
              </value>
            </param>
            <param index="1">
              <value>
                <![CDATA[TestNG Login Password]]>
              </value>
            </param>
          </params>
          <reporter-output>
          </reporter-output>
        </test-method> <!-- ParameterClassMethodTest -->
        <test-method status="PASS" signature="AfterMethodTest()[pri:0, instance:com.selenium.testng.TestNGExampleThird@17d99928]" name="AfterMethodTest" is-config="true" duration-ms="0" started-at="2020-04-18T17:37:38Z" finished-at="2020-04-18T17:37:38Z">
          <reporter-output>
          </reporter-output>
        </test-method> <!-- AfterMethodTest -->
        <test-method status="PASS" signature="BeforeMethodTest()[pri:0, instance:com.selenium.testng.TestNGExampleThird@17d99928]" name="BeforeMethodTest" is-config="true" duration-ms="1" started-at="2020-04-18T17:37:38Z" finished-at="2020-04-18T17:37:38Z">
          <reporter-output>
          </reporter-output>
        </test-method> <!-- BeforeMethodTest -->
        <test-method status="PASS" signature="dataProviderMethod(java.lang.String, java.lang.String)[pri:0, instance:com.selenium.testng.TestNGExampleThird@17d99928]" name="dataProviderMethod" duration-ms="1" started-at="2020-04-18T17:37:38Z" data-provider="getData" finished-at="2020-04-18T17:37:38Z">
          <params>
            <param index="0">
              <value>
                <![CDATA[DataSetFirstID]]>
              </value>
            </param>
            <param index="1">
              <value>
                <![CDATA[DataSetFirstPassword]]>
              </value>
            </param>
          </params>
          <reporter-output>
          </reporter-output>
        </test-method> <!-- dataProviderMethod -->
        <test-method status="PASS" signature="BeforeMethodTest()[pri:0, instance:com.selenium.testng.TestNGExampleThird@17d99928]" name="BeforeMethodTest" is-config="true" duration-ms="1" started-at="2020-04-18T17:37:38Z" finished-at="2020-04-18T17:37:38Z">
          <reporter-output>
          </reporter-output>
        </test-method> <!-- BeforeMethodTest -->
        <test-method status="PASS" signature="AfterMethodTest()[pri:0, instance:com.selenium.testng.TestNGExampleThird@17d99928]" name="AfterMethodTest" is-config="true" duration-ms="0" started-at="2020-04-18T17:37:38Z" finished-at="2020-04-18T17:37:38Z">
          <reporter-output>
          </reporter-output>
        </test-method> <!-- AfterMethodTest -->
        <test-method status="PASS" signature="dataProviderMethod(java.lang.String, java.lang.String)[pri:0, instance:com.selenium.testng.TestNGExampleThird@17d99928]" name="dataProviderMethod" duration-ms="1" started-at="2020-04-18T17:37:38Z" data-provider="getData" finished-at="2020-04-18T17:37:38Z">
          <params>
            <param index="0">
              <value>
                <![CDATA[DataSetSecondID]]>
              </value>
            </param>
            <param index="1">
              <value>
                <![CDATA[DataSetSecondPassword]]>
              </value>
            </param>
          </params>
          <reporter-output>
          </reporter-output>
        </test-method> <!-- dataProviderMethod -->
        <test-method status="PASS" signature="AfterMethodTest()[pri:0, instance:com.selenium.testng.TestNGExampleThird@17d99928]" name="AfterMethodTest" is-config="true" duration-ms="0" started-at="2020-04-18T17:37:38Z" finished-at="2020-04-18T17:37:38Z">
          <reporter-output>
          </reporter-output>
        </test-method> <!-- AfterMethodTest -->
        <test-method status="PASS" signature="BeforeMethodTest()[pri:0, instance:com.selenium.testng.TestNGExampleThird@17d99928]" name="BeforeMethodTest" is-config="true" duration-ms="1" started-at="2020-04-18T17:37:38Z" finished-at="2020-04-18T17:37:38Z">
          <reporter-output>
          </reporter-output>
        </test-method> <!-- BeforeMethodTest -->
        <test-method status="PASS" signature="dataProviderMethod(java.lang.String, java.lang.String)[pri:0, instance:com.selenium.testng.TestNGExampleThird@17d99928]" name="dataProviderMethod" duration-ms="1" started-at="2020-04-18T17:37:38Z" data-provider="getData" finished-at="2020-04-18T17:37:38Z">
          <params>
            <param index="0">
              <value>
                <![CDATA[DataSetThirdID]]>
              </value>
            </param>
            <param index="1">
              <value>
                <![CDATA[DataSetThirdPassword]]>
              </value>
            </param>
          </params>
          <reporter-output>
          </reporter-output>
        </test-method> <!-- dataProviderMethod -->
        <test-method status="PASS" signature="AfterClassMethodTest()[pri:0, instance:com.selenium.testng.TestNGExampleThird@17d99928]" name="AfterClassMethodTest" is-config="true" duration-ms="1" started-at="2020-04-18T17:37:38Z" finished-at="2020-04-18T17:37:38Z">
          <reporter-output>
          </reporter-output>
        </test-method> <!-- AfterClassMethodTest -->
        <test-method status="PASS" signature="AfterMethodTest()[pri:0, instance:com.selenium.testng.TestNGExampleThird@17d99928]" name="AfterMethodTest" is-config="true" duration-ms="0" started-at="2020-04-18T17:37:38Z" finished-at="2020-04-18T17:37:38Z">
          <reporter-output>
          </reporter-output>
        </test-method> <!-- AfterMethodTest -->
        <test-method status="PASS" signature="AfterSuiteMethod()[pri:0, instance:com.selenium.testng.TestNGExampleThird@17d99928]" name="AfterSuiteMethod" is-config="true" duration-ms="1" started-at="2020-04-18T17:37:38Z" finished-at="2020-04-18T17:37:38Z">
          <reporter-output>
          </reporter-output>
        </test-method> <!-- AfterSuiteMethod -->
      </class> <!-- com.selenium.testng.TestNGExampleThird -->
      <class name="com.selenium.testng.TestNGExampleOne">
        <test-method status="PASS" signature="BeforeSuiteMethod()[pri:0, instance:com.selenium.testng.TestNGExampleOne@1ff8b8f]" name="BeforeSuiteMethod" is-config="true" duration-ms="33" started-at="2020-04-18T17:37:38Z" finished-at="2020-04-18T17:37:38Z">
          <reporter-output>
          </reporter-output>
        </test-method> <!-- BeforeSuiteMethod -->
      </class> <!-- com.selenium.testng.TestNGExampleOne -->
    </test> <!-- Second Test -->
  </suite> <!-- Suite -->
</testng-results>
