<?xml version="1.0" encoding="UTF-8"?>
<testng-results skipped="0" failed="0" total="1" passed="1">
  <reporter-output>
  </reporter-output>
  <suite name="Default suite" duration-ms="79" started-at="2020-04-20T18:21:36Z" finished-at="2020-04-20T18:21:36Z">
    <groups>
    </groups>
    <test name="Default test" duration-ms="79" started-at="2020-04-20T18:21:36Z" finished-at="2020-04-20T18:21:36Z">
      <class name="com.selenium.testng.GlobalVariableFile">
        <test-method status="PASS" signature="Login()[pri:0, instance:com.selenium.testng.GlobalVariableFile@763d9750]" name="Login" duration-ms="33" started-at="2020-04-20T23:51:36Z" finished-at="2020-04-20T23:51:36Z">
          <reporter-output>
          </reporter-output>
        </test-method> <!-- Login -->
      </class> <!-- com.selenium.testng.GlobalVariableFile -->
    </test> <!-- Default test -->
  </suite> <!-- Default suite -->
</testng-results>
