<?xml version="1.0" encoding="UTF-8"?>
<!-- Generated by org.testng.reporters.JUnitXMLReporter -->
<testsuite hostname="Himen-PC" name="Default test" tests="4" failures="0" timestamp="18 Apr 2020 11:10:00 GMT" time="0.093" errors="0">
  <testcase name="ExcludeMethodExample" time="0.01" classname="com.selenium.testng.TestNGExampleThird"/>
  <testcase name="FifthTest" time="0.002" classname="com.selenium.testng.TestNGExampleThird"/>
  <testcase name="ForthTest" time="0.001" classname="com.selenium.testng.TestNGExampleThird"/>
  <testcase name="ParameterClassMethodTest" time="0.0" classname="com.selenium.testng.TestNGExampleThird">
    <skipped/>
  </testcase> <!-- ParameterClassMethodTest -->
</testsuite> <!-- Default test -->
